 ---=== Start Migration of project training ===---
 * Task [ChangePostgresDbVersionForProjectSetting] : Nothing to do
 * Task [Encrypt passwords in new password fields of project settings implicit context load and stats logs] : Applied successfully
 * Task [UnifyPasswordEncryption4ProjectSettingsMigrationTask] : Applied successfully
 * Task [Fix a problem of project resources linked to items] : Applied successfully
 * Task [encrypt passwords in new password fields of jobs] : Applied successfully
 * Task [ChangeJavaAPIAsDefault4SqoopMigrationTask] : Applied successfully
 * Task [RemoveUseHadoopPropertiesFortMRConfiguration] : Nothing to do
 * Task [ChangeDefaultEncodingMigrationTask] : Applied successfully
 * Task [AddDBConnectionVersionMigrationTask] : Nothing to do
 * Task [SetTrim4tFileOutputXML] : Applied successfully
 * Task [AddLoginTypeForSalesforceMigrationTask] : Nothing to do
 * Task [ChangeDefaultValueFortCassandraOutputDefineCFStructure] : Applied successfully
 * Task [AddHashKeyFromInputConnector4tHashOutput] : Applied successfully
 * Task [SetContextDumpHidePasswordToFalse] : Applied successfully
 * Task [UpdateJobSettingsForPostgresMigrationTask] : Nothing to do
 * Task [ChangeRecordMatchingCustomFunctionValueTask] : Applied successfully
 * Task [Encrypt passwords in new password fields of job settings implicit context load and stats logs] : Applied successfully
 * Task [UpdateDbVersionForVerticaMigrationTask] : Nothing to do
 * Task [Add the gid use string parameter if not have, value=false] : Applied successfully
 * Task [ChangeUseBatchSizetoFalse4AS400] : Applied successfully
 * Task [CorrectTeradataTPTExecInserterOperatorToLoad] : Applied successfully
 * Task [ChangeRecalculateFormulaValueMigrationTask] : Applied successfully
 * Task [AddCDCTypeForOracleCDCMigrationTask] : Applied successfully
 * Task [DBMapSplitTableConstraintFiltersMigrationTask] : Applied successfully
 * Task [ChangeParameterName4tMDMConnection] : Applied successfully
 * Task [Add a option and reverse its value on FS components] : Applied successfully
 * Task [CorrectDBVersionListForAS400] : Applied successfully
 * Task [UnifyPasswordEncryption4LdapConnectionMigrationTask] : Nothing to do
 * Task [UnifyPasswordEncryption4SalesforceSchemaConnectionMigrationTask] : Nothing to do
 * Task [UnifyPasswordEncryption4FtpConnectionMigrationTask] : Nothing to do
 * Task [UnifyPasswordEncryption4MDMConnectionMigrationTask] : Nothing to do
 * Task [UnifyPasswordEncryption4WsdlConnectionMigrationTask] : Nothing to do
 * Task [UnifyPasswordEncryption4ContextMigrationTask] : Nothing to do
 * Task [UnifyPasswordEncryption4DBConnectionMigrationTask] : Applied successfully
 * Task [UnifyPasswordEncryption4ParametersInJobMigrationTask] : Applied successfully
 * Task [SetDieOnErrorFalse4tSCPDelete] : Applied successfully
 * Task [SetDefaultValue4tWriteJSONFieldGroupByOutput] : Applied successfully
 * Task [RemoveUnuseQuoteOnTLoop] : Applied successfully
 * Task [Set tStoreResult associated tPigLoad] : Applied successfully
 * Task [AutoUpdateRelationsMigrationTask] : Applied successfully
 ---=== Enf of migration ===---
